D:\Sim\Product\DiscreteGPIADeviceLibrary\DiscreteGPIADeviceLibrary\Source\Debug\cl.command.1.tlog
D:\Sim\Product\DiscreteGPIADeviceLibrary\DiscreteGPIADeviceLibrary\Source\Debug\CL.read.1.tlog
D:\Sim\Product\DiscreteGPIADeviceLibrary\DiscreteGPIADeviceLibrary\Source\Debug\CL.write.1.tlog
D:\SIM\PRODUCT\DISCRETEGPIADEVICELIBRARY\DISCRETEGPIADEVICELIBRARY\SOURCE\DEBUG\DISCRETEGPIADEVICE
D:\Sim\Product\DiscreteGPIADeviceLibrary\DiscreteGPIADeviceLibrary\Source\Debug\discretegpiadevice.idb
D:\Sim\Product\DiscreteGPIADeviceLibrary\DiscreteGPIADeviceLibrary\Source\Debug\discretegpiadevice.pdb
D:\SIM\PRODUCT\DISCRETEGPIADEVICELIBRARY\DISCRETEGPIADEVICELIBRARY\SOURCE\DEBUG\DISCRETEGPIADEVICELIBRARY.DLL
D:\SIM\PRODUCT\DISCRETEGPIADEVICELIBRARY\DISCRETEGPIADEVICELIBRARY\SOURCE\DEBUG\DISCRETEGPIADEVICELIBRARY.DLL.INTERMEDIATE.MANIFEST
D:\Sim\Product\DiscreteGPIADeviceLibrary\DiscreteGPIADeviceLibrary\Source\Debug\DiscreteGPIADeviceLibrary.exp
D:\SIM\PRODUCT\DISCRETEGPIADEVICELIBRARY\DISCRETEGPIADEVICELIBRARY\SOURCE\DEBUG\DISCRETEGPIADEVICELIBRARY.ILK
D:\Sim\Product\DiscreteGPIADeviceLibrary\DiscreteGPIADeviceLibrary\Source\Debug\DiscreteGPIADeviceLibrary.lib
D:\SIM\PRODUCT\DISCRETEGPIADEVICELIBRARY\DISCRETEGPIADEVICELIBRARY\SOURCE\DEBUG\DISCRETEGPIADEVICELIBRARY.OBJ
D:\SIM\PRODUCT\DISCRETEGPIADEVICELIBRARY\DISCRETEGPIADEVICELIBRARY\SOURCE\DEBUG\DISCRETEGPIADEVICELIBRARY.PDB
D:\SIM\PRODUCT\DISCRETEGPIADEVICELIBRARY\DISCRETEGPIADEVICELIBRARY\SOURCE\DEBUG\DISCRETEGPIADEVICELIBRARY.RES
D:\Sim\Product\DiscreteGPIADeviceLibrary\DiscreteGPIADeviceLibrary\Source\Debug\DiscreteGPIADeviceLibrary.write.1.tlog
D:\SIM\PRODUCT\DISCRETEGPIADEVICELIBRARY\DISCRETEGPIADEVICELIBRARY\SOURCE\DEBUG\GPIAMESSAGE.OBJ
D:\Sim\Product\DiscreteGPIADeviceLibrary\DiscreteGPIADeviceLibrary\Source\Debug\link.command.1.tlog
D:\Sim\Product\DiscreteGPIADeviceLibrary\DiscreteGPIADeviceLibrary\Source\Debug\link.read.1.tlog
D:\Sim\Product\DiscreteGPIADeviceLibrary\DiscreteGPIADeviceLibrary\Source\Debug\link.write.1.tlog
D:\Sim\Product\DiscreteGPIADeviceLibrary\DiscreteGPIADeviceLibrary\Source\Debug\link-cvtres.read.1.tlog
D:\Sim\Product\DiscreteGPIADeviceLibrary\DiscreteGPIADeviceLibrary\Source\Debug\link-cvtres.write.1.tlog
D:\Sim\Product\DiscreteGPIADeviceLibrary\DiscreteGPIADeviceLibrary\Source\Debug\mt.command.1.tlog
D:\Sim\Product\DiscreteGPIADeviceLibrary\DiscreteGPIADeviceLibrary\Source\Debug\mt.read.1.tlog
D:\Sim\Product\DiscreteGPIADeviceLibrary\DiscreteGPIADeviceLibrary\Source\Debug\mt.write.1.tlog
D:\Sim\Product\DiscreteGPIADeviceLibrary\DiscreteGPIADeviceLibrary\Source\Debug\rc.command.1.tlog
D:\Sim\Product\DiscreteGPIADeviceLibrary\DiscreteGPIADeviceLibrary\Source\Debug\rc.read.1.tlog
D:\Sim\Product\DiscreteGPIADeviceLibrary\DiscreteGPIADeviceLibrary\Source\Debug\rc.write.1.tlog
D:\SIM\PRODUCT\DISCRETEGPIADEVICELIBRARY\DISCRETEGPIADEVICELIBRARY\SOURCE\DEBUG\STRINGUTILITY.OBJ
D:\SIM\PRODUCT\DISCRETEGPIADEVICELIBRARY\DISCRETEGPIADEVICELIBRARY\SOURCE\DEBUG\WSAUDPSOCKET.OBJ
